Using pre-set license
Built from '2023.1/staging' branch; Version is '2023.1.10f1 (661833f8c66c) revision 6690867'; Using compiler version '192829333'; Build Type 'Release'
OS: 'Windows 10  (10.0.19045) 64bit Education' Language: 'fr' Physical Memory: 32481 MB
BatchMode: 1, IsHumanControllingUs: 0, StartBugReporterOnCrash: 0, Is64bit: 1, IsPro: 1

COMMAND LINE ARGUMENTS:
C:\Program Files\Unity\Hub\Editor\2023.1.10f1\Editor\Unity.exe
-adb2
-batchMode
-noUpm
-name
AssetImportWorker4
-projectPath
C:/Users/e1481507/Desktop/JeuQuillessssssssss/JeuQuilles
-logFile
Logs/AssetImportWorker4.log
-srvPort
51958
Successfully changed project path to: C:/Users/e1481507/Desktop/JeuQuillessssssssss/JeuQuilles
C:/Users/e1481507/Desktop/JeuQuillessssssssss/JeuQuilles
[UnityMemory] Configuration Parameters - Can be set up in boot.config
    "memorysetup-bucket-allocator-granularity=16"
    "memorysetup-bucket-allocator-bucket-count=8"
    "memorysetup-bucket-allocator-block-size=33554432"
    "memorysetup-bucket-allocator-block-count=8"
    "memorysetup-main-allocator-block-size=16777216"
    "memorysetup-thread-allocator-block-size=16777216"
    "memorysetup-gfx-main-allocator-block-size=16777216"
    "memorysetup-gfx-thread-allocator-block-size=16777216"
    "memorysetup-cache-allocator-block-size=4194304"
    "memorysetup-typetree-allocator-block-size=2097152"
    "memorysetup-profiler-bucket-allocator-granularity=16"
    "memorysetup-profiler-bucket-allocator-bucket-count=8"
    "memorysetup-profiler-bucket-allocator-block-size=33554432"
    "memorysetup-profiler-bucket-allocator-block-count=8"
    "memorysetup-profiler-allocator-block-size=16777216"
    "memorysetup-profiler-editor-allocator-block-size=1048576"
    "memorysetup-temp-allocator-size-main=16777216"
    "memorysetup-job-temp-allocator-block-size=2097152"
    "memorysetup-job-temp-allocator-block-size-background=1048576"
    "memorysetup-job-temp-allocator-reduction-small-platforms=262144"
    "memorysetup-allocator-temp-initial-block-size-main=262144"
    "memorysetup-allocator-temp-initial-block-size-worker=262144"
    "memorysetup-temp-allocator-size-background-worker=32768"
    "memorysetup-temp-allocator-size-job-worker=262144"
    "memorysetup-temp-allocator-size-preload-manager=33554432"
    "memorysetup-temp-allocator-size-nav-mesh-worker=65536"
    "memorysetup-temp-allocator-size-audio-worker=65536"
    "memorysetup-temp-allocator-size-cloud-worker=32768"
    "memorysetup-temp-allocator-size-gi-baking-worker=262144"
    "memorysetup-temp-allocator-size-gfx=262144"
Player connection [12764] Host "[IP] 206.167.42.77 [Port] 0 [Flags] 2 [Guid] 3722451801 [EditorId] 3722451801 [Version] 1048832 [Id] WindowsEditor(7,B1151-09) [Debug] 1 [PackageName] WindowsEditor [ProjectName] Editor" joined multi-casting on [225.0.0.222:54997]...

Player connection [12764] Host "[IP] 206.167.42.77 [Port] 0 [Flags] 2 [Guid] 3722451801 [EditorId] 3722451801 [Version] 1048832 [Id] WindowsEditor(7,B1151-09) [Debug] 1 [PackageName] WindowsEditor [ProjectName] Editor" joined alternative multi-casting on [225.0.0.222:34997]...

[Physics::Module] Initialized MultithreadedJobDispatcher with 19 workers.
Library Redirect Path: Library/Refreshing native plugins compatible for Editor in 539.78 ms, found 13 plugins.
Preloading 1 native plugins for Editor in 0.67 ms.
Initialize engine version: 2023.1.10f1 (661833f8c66c)
[Subsystems] Discovering subsystems at path C:/Program Files/Unity/Hub/Editor/2023.1.10f1/Editor/Data/Resources/UnitySubsystems
[Subsystems] Discovering subsystems at path C:/Users/e1481507/Desktop/JeuQuillessssssssss/JeuQuilles/Assets
GfxDevice: creating device client; threaded=0; jobified=0
Direct3D:
    Version:  Direct3D 11.0 [level 11.1]
    Renderer: NVIDIA GeForce RTX 3080 (ID=0x2216)
    Vendor:   NVIDIA
    VRAM:     10067 MB
    Driver:   31.0.15.3667
Initialize mono
Mono path[0] = 'C:/Program Files/Unity/Hub/Editor/2023.1.10f1/Editor/Data/Managed'
Mono path[1] = 'C:/Program Files/Unity/Hub/Editor/2023.1.10f1/Editor/Data/MonoBleedingEdge/lib/mono/unityjit-win32'
Mono config path = 'C:/Program Files/Unity/Hub/Editor/2023.1.10f1/Editor/Data/MonoBleedingEdge/etc'
Using monoOptions --debugger-agent=transport=dt_socket,embedding=1,server=y,suspend=n,address=127.0.0.1:56516
Begin MonoManager ReloadAssembly
C:\build\output\Unity-Technologies\mono\mono\metadata\icall.c:1842:
C:\build\output\Unity-Technologies\mono\mono\metadata\icall.c:1842:
C:\build\output\Unity-Technologies\mono\mono\metadata\icall.c:1842:
C:\build\output\Unity-Technologies\mono\mono\metadata\icall.c:1842:
C:\build\output\Unity-Technologies\mono\mono\metadata\icall.c:1842:
C:\build\output\Unity-Technologies\mono\mono\metadata\icall.c:1842:
C:\build\output\Unity-Technologies\mono\mono\metadata\icall.c:1842:
C:\build\output\Unity-Technologies\mono\mono\metadata\icall.c:1842:
C:\build\output\Unity-Technologies\mono\mono\metadata\icall.c:1842:
C:\build\output\Unity-Technologies\mono\mono\metadata\icall.c:1842:
Registering precompiled unity dll's ...
Register platform support module: C:/Program Files/Unity/Hub/Editor/2023.1.10f1/Editor/Data/PlaybackEngines/WebGLSupport/UnityEditor.WebGL.Extensions.dll
Register platform support module: C:/Program Files/Unity/Hub/Editor/2023.1.10f1/Editor/Data/PlaybackEngines/WindowsStandaloneSupport/UnityEditor.WindowsStandalone.Extensions.dll
Register platform support module: C:/Program Files/Unity/Hub/Editor/2023.1.10f1/Editor/Data/PlaybackEngines/AndroidPlayer/UnityEditor.Android.Extensions.dll
Registered in 0.004656 seconds.
- Loaded All Assemblies, in  0.364 seconds
Native extension for Android target not found
Android Extension - Scanning For ADB Devices 266 ms
Native extension for WindowsStandalone target not found
Native extension for WebGL target not found
Mono: successfully reloaded assembly
C:\build\output\Unity-Technologies\mono\mono\metadata\icall.c:1842:
C:\build\output\Unity-Technologies\mono\mono\metadata\icall.c:1842:
- Finished resetting the current domain, in  0.572 seconds
Domain Reload Profiling: 935ms
	BeginReloadAssembly (120ms)
		ExecutionOrderSort (0ms)
		DisableScriptedObjects (0ms)
		BackupInstance (0ms)
		ReleaseScriptingObjects (0ms)
		CreateAndSetChildDomain (0ms)
	RebuildCommonClasses (34ms)
	RebuildNativeTypeToScriptingClass (10ms)
	initialDomainReloadingComplete (51ms)
	LoadAllAssembliesAndSetupDomain (147ms)
		LoadAssemblies (117ms)
		RebuildTransferFunctionScriptingTraits (0ms)
		AnalyzeDomain (142ms)
			TypeCache.Refresh (141ms)
				TypeCache.ScanAssembly (131ms)
			ScanForSourceGeneratedMonoScriptInfo (0ms)
			ResolveRequiredComponents (0ms)
	FinalizeReload (573ms)
		ReleaseScriptCaches (0ms)
		RebuildScriptCaches (0ms)
		SetupLoadedEditorAssemblies (533ms)
			LogAssemblyErrors (0ms)
			InitializePlatformSupportModulesInManaged (366ms)
			SetLoadedEditorAssemblies (2ms)
			BeforeProcessingInitializeOnLoad (6ms)
			ProcessInitializeOnLoadAttributes (114ms)
			ProcessInitializeOnLoadMethodAttributes (46ms)
			AfterProcessingInitializeOnLoad (0ms)
			EditorAssembliesLoaded (0ms)
		ExecutionOrderSort2 (0ms)
		AwakeInstancesAfterBackupRestoration (0ms)
========================================================================
Worker process is ready to serve import requests
Import Worker Mode flag is 0x00
Begin MonoManager ReloadAssembly
C:\build\output\Unity-Technologies\mono\mono\metadata\icall.c:1842:
C:\build\output\Unity-Technologies\mono\mono\metadata\icall.c:1842:
C:\build\output\Unity-Technologies\mono\mono\metadata\icall.c:1842:
C:\build\output\Unity-Technologies\mono\mono\metadata\icall.c:1842:
C:\build\output\Unity-Technologies\mono\mono\metadata\icall.c:1842:
C:\build\output\Unity-Technologies\mono\mono\metadata\icall.c:1842:
C:\build\output\Unity-Technologies\mono\mono\metadata\icall.c:1842:
C:\build\output\Unity-Technologies\mono\mono\metadata\icall.c:1842:
C:\build\output\Unity-Technologies\mono\mono\metadata\icall.c:1842:
C:\build\output\Unity-Technologies\mono\mono\metadata\icall.c:1842:
C:\build\output\Unity-Technologies\mono\mono\metadata\icall.c:1842:
C:\build\output\Unity-Technologies\mono\mono\metadata\icall.c:1842:
Symbol file LoadedFromMemory doesn't match image C:\Users\e1481507\Desktop\JeuQuillessssssssss\JeuQuilles\Library\PackageCache\com.unity.visualscripting@1.8.0\Editor\VisualScripting.Core\Dependencies\YamlDotNet\Unity.VisualScripting.YamlDotNet.dll
Symbol file LoadedFromMemory doesn't match image C:\Users\e1481507\Desktop\JeuQuillessssssssss\JeuQuilles\Library\PackageCache\com.unity.visualscripting@1.8.0\Editor\VisualScripting.Core\Dependencies\DotNetZip\Unity.VisualScripting.IonicZip.dll
- Loaded All Assemblies, in  0.969 seconds
Refreshing native plugins compatible for Editor in 10.21 ms, found 13 plugins.
Native extension for Android target not found
Native extension for WindowsStandalone target not found
Native extension for WebGL target not found
Package Manager log level set to [2]
[Package Manager] Failed to launch server process. Reason: Unity was launched with the -noUpm command-line argument
[Package Manager] Unable to send message (not connected to server process).
[Package Manager] Cannot connect to Unity Package Manager local server
System.Reflection.TargetInvocationException: Exception has been thrown by the target of an invocation. ---> System.NullReferenceException: Object reference not set to an instance of an object
  at Unity.XR.Oculus.OculusLoader.AssetPathToAbsolutePath (System.String assetPath) [0x0003d] in .\Library\PackageCache\com.unity.xr.oculus@4.0.0\Runtime\OculusLoader.cs:282 
  at Unity.XR.Oculus.OculusLoader.EditorLoadOVRPlugin () [0x0007b] in .\Library\PackageCache\com.unity.xr.oculus@4.0.0\Runtime\OculusLoader.cs:267 
  at (wrapper managed-to-native) System.Reflection.RuntimeMethodInfo.InternalInvoke(System.Reflection.RuntimeMethodInfo,object,object[],System.Exception&)
  at System.Reflection.RuntimeMethodInfo.Invoke (System.Object obj, System.Reflection.BindingFlags invokeAttr, System.Reflection.Binder binder, System.Object[] parameters, System.Globalization.CultureInfo culture) [0x0006a] in <c4a10e89722742a4b5cd750857e291eb>:0 
   --- End of inner exception stack trace ---
  at System.Reflection.RuntimeMethodInfo.Invoke (System.Object obj, System.Reflection.BindingFlags invokeAttr, System.Reflection.Binder binder, System.Object[] parameters, System.Globalization.CultureInfo culture) [0x00083] in <c4a10e89722742a4b5cd750857e291eb>:0 
  at System.Reflection.MethodBase.Invoke (System.Object obj, System.Object[] parameters) [0x00000] in <c4a10e89722742a4b5cd750857e291eb>:0 
  at UnityEditor.EditorAssemblies.ProcessInitializeOnLoadMethodAttributes () [0x00056] in <8059afc4969f4faea44ce7e8d8dd149e>:0 
UnityEngine.StackTraceUtility:ExtractStackTrace ()
UnityEngine.DebugLogHandler:Internal_Log (UnityEngine.LogType,UnityEngine.LogOption,string,UnityEngine.Object)
UnityEngine.DebugLogHandler:LogFormat (UnityEngine.LogType,UnityEngine.Object,string,object[])
UnityEngine.Logger:Log (UnityEngine.LogType,object)
UnityEngine.Debug:LogError (object)
UnityEditor.EditorAssemblies:ProcessInitializeOnLoadMethodAttributes ()

Mono: successfully reloaded assembly
[Package Manager] Failed to launch server process. Reason: Unity was launched with the -noUpm command-line argument
[Package Manager] Unable to send message (not connected to server process).
[Package Manager] Cannot connect to Unity Package Manager local server
[Package Manager] Failed to launch server process. Reason: Unity was launched with the -noUpm command-line argument
[Package Manager] Unable to send message (not connected to server process).
[Package Manager] Cannot connect to Unity Package Manager local server
- Finished resetting the current domain, in  0.778 seconds
Domain Reload Profiling: 1740ms
	BeginReloadAssembly (273ms)
		ExecutionOrderSort (0ms)
		DisableScriptedObjects (5ms)
		BackupInstance (0ms)
		ReleaseScriptingObjects (0ms)
		CreateAndSetChildDomain (30ms)
	RebuildCommonClasses (30ms)
	RebuildNativeTypeToScriptingClass (14ms)
	initialDomainReloadingComplete (45ms)
	LoadAllAssembliesAndSetupDomain (599ms)
		LoadAssemblies (355ms)
		RebuildTransferFunctionScriptingTraits (0ms)
		AnalyzeDomain (338ms)
			TypeCache.Refresh (301ms)
				TypeCache.ScanAssembly (286ms)
			ScanForSourceGeneratedMonoScriptInfo (23ms)
			ResolveRequiredComponents (13ms)
	FinalizeReload (779ms)
		ReleaseScriptCaches (0ms)
		RebuildScriptCaches (0ms)
		SetupLoadedEditorAssemblies (466ms)
			LogAssemblyErrors (0ms)
			InitializePlatformSupportModulesInManaged (17ms)
			SetLoadedEditorAssemblies (3ms)
			BeforeProcessingInitializeOnLoad (89ms)
			ProcessInitializeOnLoadAttributes (293ms)
			ProcessInitializeOnLoadMethodAttributes (56ms)
			AfterProcessingInitializeOnLoad (7ms)
			EditorAssembliesLoaded (0ms)
		ExecutionOrderSort2 (0ms)
		AwakeInstancesAfterBackupRestoration (5ms)
Switching render pipeline 2a02bce9dd7474676af341182c2a2f7a -> ebe222a00e2d64348ad4d0dde91da316
Launched and connected shader compiler UnityShaderCompiler.exe after 0.01 seconds
Refreshing native plugins compatible for Editor in 18.39 ms, found 13 plugins.
Preloading 1 native plugins for Editor in 0.08 ms.
Unloading 6252 Unused Serialized files (Serialized files now loaded: 0)
Unloading 120 unused Assets / (1.5 MB). Loaded Objects now: 6812.
Memory consumption went from 248.1 MB to 246.6 MB.
Total: 16.004000 ms (FindLiveObjects: 0.783300 ms CreateObjectMapping: 1.286900 ms MarkObjects: 13.149300 ms  DeleteObjects: 0.783200 ms)

AssetImportParameters requested are different than current active one (requested -> active):
  custom:video-decoder-webm-vp8: 9c59270c3fd7afecdb556c50c9e8de78 -> 
  custom:SearchIndexIgnoredProperties: e643bd26f0fe6173181afceb89e7c659 -> 
  custom:audio-encoder-webm-vorbis: bf7c407c2cedff20999df2af8eb42d56 -> 
  custom:srp/default-pipeline: be2e220ae0d24643a84d0ddd9ed13a61 -> a220cb9edd474776a63f1481c2a2f2a7
  custom:AudioImporter_EditorPlatform: d09bf68614088b80899f8185d706f6e7 -> 
  custom:audio-decoder-ogg-vorbis: bf7c407c2cedff20999df2af8eb42d56 -> 
  custom:video-encoder-webm-vp8: eb34c28f22e8b96e1ab97ce403110664 -> 
  custom:container-demuxer-ogg: 62fdf1f143b41e24485cea50d1cbac27 -> 
  custom:framework-win-MediaFoundation: 216162199b28c13a410421893ffa2e32 -> 
  custom:ShaderGraph/RenderPipelineChanged: 6d447d27a811028bd26b82b76768d375 -> 
  custom:video-decoder-ogg-theora: a1e56fd34408186e4bbccfd4996cb3dc -> 
  custom:container-muxer-webm: aa71ff27fc2769a1b78a27578f13a17b -> 
  custom:CustomObjectIndexerAttribute: a3ef5dd2817f97addfee359851a9dba5 -> 
  custom:container-demuxer-webm: 4f35f7cbe854078d1ac9338744f61a02 -> 
========================================================================
Received Import Request.
  Time since last request: 5430.398284 seconds.
  path: Assets/Avatars/assets avatars/Model/Avatar5.fbx
  artifactKey: Guid(166544fdcae3ad745835e01eacb2f797) Importer(815301076,1909f56bfc062723c751e8b465ee728b)
Start importing Assets/Avatars/assets avatars/Model/Avatar5.fbx using Guid(166544fdcae3ad745835e01eacb2f797) Importer(815301076,1909f56bfc062723c751e8b465ee728b)  -> (artifact id: '4913bfdf1574517f510e366a60cf9215') in 0.473145 seconds
Number of updated asset objects reloaded before import = 0
Number of asset objects unloaded after import = 55
========================================================================
Received Import Request.
  Time since last request: 0.000030 seconds.
  path: Assets/TextMesh Pro/Resources/Fonts & Materials/LiberationSans SDF - Fallback.asset
  artifactKey: Guid(2e498d1c8094910479dc3e1b768306a4) Importer(815301076,1909f56bfc062723c751e8b465ee728b)
Start importing Assets/TextMesh Pro/Resources/Fonts & Materials/LiberationSans SDF - Fallback.asset using Guid(2e498d1c8094910479dc3e1b768306a4) Importer(815301076,1909f56bfc062723c751e8b465ee728b)  -> (artifact id: '8fc73901661682acb15b3515e5804ea0') in 0.034736 seconds
Number of updated asset objects reloaded before import = 0
Number of asset objects unloaded after import = 7
========================================================================
Received Import Request.
  Time since last request: 0.000023 seconds.
  path: Assets/TextMesh Pro/Resources/Fonts & Materials/LiberationSans SDF.asset
  artifactKey: Guid(8f586378b4e144a9851e7b34d9b748ee) Importer(815301076,1909f56bfc062723c751e8b465ee728b)
Start importing Assets/TextMesh Pro/Resources/Fonts & Materials/LiberationSans SDF.asset using Guid(8f586378b4e144a9851e7b34d9b748ee) Importer(815301076,1909f56bfc062723c751e8b465ee728b)  -> (artifact id: 'a3375b37db3aa4db8293de06fc5d860b') in 0.032289 seconds
Number of updated asset objects reloaded before import = 0
Number of asset objects unloaded after import = 10
========================================================================
Received Import Request.
  Time since last request: 0.000019 seconds.
  path: Assets/Samples/XR Interaction Toolkit/2.4.3/Hands Interaction Demo/Runtime/Materials/Chrome.mat
  artifactKey: Guid(2edb876ca20f6ea40b4ebb61f96f1df1) Importer(815301076,1909f56bfc062723c751e8b465ee728b)
Start importing Assets/Samples/XR Interaction Toolkit/2.4.3/Hands Interaction Demo/Runtime/Materials/Chrome.mat using Guid(2edb876ca20f6ea40b4ebb61f96f1df1) Importer(815301076,1909f56bfc062723c751e8b465ee728b)  -> (artifact id: '96fc81f53de66df1c4933e59b7f44fb8') in 0.008716 seconds
Number of updated asset objects reloaded before import = 0
Number of asset objects unloaded after import = 2
========================================================================
Received Import Request.
  Time since last request: 0.000020 seconds.
  path: Assets/Models3D/Materials/earth.mat
  artifactKey: Guid(89cc2fa45bbdea74abae1656e3aa1961) Importer(815301076,1909f56bfc062723c751e8b465ee728b)
Start importing Assets/Models3D/Materials/earth.mat using Guid(89cc2fa45bbdea74abae1656e3aa1961) Importer(815301076,1909f56bfc062723c751e8b465ee728b)  -> (artifact id: '7e9f3eb746d4f4962473077a2d332396') in 0.043796 seconds
Number of updated asset objects reloaded before import = 0
Number of asset objects unloaded after import = 3
========================================================================
Received Import Request.
  Time since last request: 0.000021 seconds.
  path: Assets/Mains/MainsAnimees/Ressources/Materials/Hands_solid.mat
  artifactKey: Guid(3637b758ff163493f8bb8b6d7e96d7ae) Importer(815301076,1909f56bfc062723c751e8b465ee728b)
Start importing Assets/Mains/MainsAnimees/Ressources/Materials/Hands_solid.mat using Guid(3637b758ff163493f8bb8b6d7e96d7ae) Importer(815301076,1909f56bfc062723c751e8b465ee728b)  -> (artifact id: 'ba5748df3df93692f1ac46eda93db7d4') in 0.007445 seconds
Number of updated asset objects reloaded before import = 0
Number of asset objects unloaded after import = 2
========================================================================
Received Import Request.
  Time since last request: 0.000020 seconds.
  path: Assets/Models3D/Prefabs/extracted-minecraft-java-editions-stars/stars.mat
  artifactKey: Guid(9440e0bbcec60fa49b0d24c69c630c6c) Importer(815301076,1909f56bfc062723c751e8b465ee728b)
Start importing Assets/Models3D/Prefabs/extracted-minecraft-java-editions-stars/stars.mat using Guid(9440e0bbcec60fa49b0d24c69c630c6c) Importer(815301076,1909f56bfc062723c751e8b465ee728b)  -> (artifact id: '85d920f6115b346733870aa512bb7f92') in 0.006788 seconds
Number of updated asset objects reloaded before import = 0
Number of asset objects unloaded after import = 2
========================================================================
Received Import Request.
  Time since last request: 0.000021 seconds.
  path: Assets/Hands.mat
  artifactKey: Guid(59ae3dcb71019d246b5f999c0a96b26c) Importer(815301076,1909f56bfc062723c751e8b465ee728b)
Start importing Assets/Hands.mat using Guid(59ae3dcb71019d246b5f999c0a96b26c) Importer(815301076,1909f56bfc062723c751e8b465ee728b)  -> (artifact id: '5eff2a9395db60f403ef6407d0071d31') in 0.007425 seconds
Number of updated asset objects reloaded before import = 0
Number of asset objects unloaded after import = 2
========================================================================
Received Import Request.
  Time since last request: 0.000027 seconds.
  path: Assets/Models3D/Prefabs/environment-ally-with-barstrip-club/Materials/poster_bm_Normal.mat
  artifactKey: Guid(e13819bdf177b4447ad62cb5cc555b73) Importer(815301076,1909f56bfc062723c751e8b465ee728b)
Start importing Assets/Models3D/Prefabs/environment-ally-with-barstrip-club/Materials/poster_bm_Normal.mat using Guid(e13819bdf177b4447ad62cb5cc555b73) Importer(815301076,1909f56bfc062723c751e8b465ee728b)  -> (artifact id: 'aa3869bf5ca9bc5b09b7fa1b8bfb0e1c') in 0.010003 seconds
Number of updated asset objects reloaded before import = 0
Number of asset objects unloaded after import = 3
========================================================================
Received Import Request.
  Time since last request: 0.000033 seconds.
  path: Assets/Samples/XR Interaction Toolkit/2.4.3/Starter Assets/Models/Primitive_Pyramid.fbx
  artifactKey: Guid(63e02ddb08ce42da868504e1333d48ae) Importer(815301076,1909f56bfc062723c751e8b465ee728b)
Start importing Assets/Samples/XR Interaction Toolkit/2.4.3/Starter Assets/Models/Primitive_Pyramid.fbx using Guid(63e02ddb08ce42da868504e1333d48ae) Importer(815301076,1909f56bfc062723c751e8b465ee728b)  -> (artifact id: '112b0f467d55384012dbf5634d209a3c') in 0.026396 seconds
Number of updated asset objects reloaded before import = 0
Number of asset objects unloaded after import = 17
========================================================================
Received Import Request.
  Time since last request: 0.000048 seconds.
  path: Assets/Models3D/Textures/StarTexture/StarTexture.mat
  artifactKey: Guid(36fd1cce0e97a4440b68d4fcc8be6cdf) Importer(815301076,1909f56bfc062723c751e8b465ee728b)
Start importing Assets/Models3D/Textures/StarTexture/StarTexture.mat using Guid(36fd1cce0e97a4440b68d4fcc8be6cdf) Importer(815301076,1909f56bfc062723c751e8b465ee728b)  -> (artifact id: '3c6a18e175bc1eddd8c5365685b84b5e') in 0.202586 seconds
Number of updated asset objects reloaded before import = 0
Number of asset objects unloaded after import = 8
========================================================================
Received Import Request.
  Time since last request: 0.000023 seconds.
  path: Assets/Samples/XR Interaction Toolkit/2.4.3/Starter Assets/Models/XRControllerLeft.fbx
  artifactKey: Guid(be3083a5f26d4e859d594ecbe632f87e) Importer(815301076,1909f56bfc062723c751e8b465ee728b)
Start importing Assets/Samples/XR Interaction Toolkit/2.4.3/Starter Assets/Models/XRControllerLeft.fbx using Guid(be3083a5f26d4e859d594ecbe632f87e) Importer(815301076,1909f56bfc062723c751e8b465ee728b)  -> (artifact id: 'fa71b9e6d79fa67c73836277b49a7b02') in 0.070225 seconds
Number of updated asset objects reloaded before import = 0
Number of asset objects unloaded after import = 61
========================================================================
Received Import Request.
  Time since last request: 0.000039 seconds.
  path: Assets/Samples/XR Interaction Toolkit/2.4.3/Hands Interaction Demo/Runtime/Materials/Unity_Hand_Light.mat
  artifactKey: Guid(1e4454c94a0cbda42814c4fb8df151d7) Importer(815301076,1909f56bfc062723c751e8b465ee728b)
Start importing Assets/Samples/XR Interaction Toolkit/2.4.3/Hands Interaction Demo/Runtime/Materials/Unity_Hand_Light.mat using Guid(1e4454c94a0cbda42814c4fb8df151d7) Importer(815301076,1909f56bfc062723c751e8b465ee728b)  -> (artifact id: '8b1426864d09d6db2d227cd338d8bd50') in 0.480244 seconds
Number of updated asset objects reloaded before import = 0
Number of asset objects unloaded after import = 4
========================================================================
Received Import Request.
  Time since last request: 0.000021 seconds.
  path: Assets/UI/Fonts/Orbitron-Regular.ttf
  artifactKey: Guid(b8c5456a89113d04289bd0dc3a1b7cd3) Importer(815301076,1909f56bfc062723c751e8b465ee728b)
Start importing Assets/UI/Fonts/Orbitron-Regular.ttf using Guid(b8c5456a89113d04289bd0dc3a1b7cd3) Importer(815301076,1909f56bfc062723c751e8b465ee728b)  -> (artifact id: '5086fd11e40d18a2baa31478fbcab712') in 0.010260 seconds
Number of updated asset objects reloaded before import = 0
Number of asset objects unloaded after import = 5
========================================================================
Received Import Request.
  Time since last request: 0.000030 seconds.
  path: Assets/Avatars/assets avatars/Model/Avatar4.fbx
  artifactKey: Guid(2c913c71a75caeb47ac99021ed481226) Importer(815301076,1909f56bfc062723c751e8b465ee728b)
Start importing Assets/Avatars/assets avatars/Model/Avatar4.fbx using Guid(2c913c71a75caeb47ac99021ed481226) Importer(815301076,1909f56bfc062723c751e8b465ee728b)  -> (artifact id: 'bbba8d09af9c7200cbd2b9cff657ab06') in 0.054838 seconds
Number of updated asset objects reloaded before import = 0
Number of asset objects unloaded after import = 44
========================================================================
Received Import Request.
  Time since last request: 0.000021 seconds.
  path: Assets/Avatars/assets avatars/Materials/Hair2sad.mat
  artifactKey: Guid(486b4088719f386468bbbb6704828618) Importer(815301076,1909f56bfc062723c751e8b465ee728b)
Start importing Assets/Avatars/assets avatars/Materials/Hair2sad.mat using Guid(486b4088719f386468bbbb6704828618) Importer(815301076,1909f56bfc062723c751e8b465ee728b)  -> (artifact id: '91f9145863b7d7c709922ba39ca8ab57') in 0.006410 seconds
Number of updated asset objects reloaded before import = 0
Number of asset objects unloaded after import = 2
========================================================================
Received Import Request.
  Time since last request: 0.000020 seconds.
  path: Assets/Models3D/Materials/Moonbase_Gun.mat
  artifactKey: Guid(10246a5674bbf6044a1f3ea85d0eb9a7) Importer(815301076,1909f56bfc062723c751e8b465ee728b)
Start importing Assets/Models3D/Materials/Moonbase_Gun.mat using Guid(10246a5674bbf6044a1f3ea85d0eb9a7) Importer(815301076,1909f56bfc062723c751e8b465ee728b)  -> (artifact id: 'b60bfe80bedb1d048b607cbdfeb0bb2f') in 0.078681 seconds
Number of updated asset objects reloaded before import = 0
Number of asset objects unloaded after import = 7
========================================================================
Received Import Request.
  Time since last request: 0.000018 seconds.
  path: Assets/Samples/XR Hands/1.3.0/HandVisualizer/Materials/Blue.mat
  artifactKey: Guid(7b26add94f09dc44fb811013f007a3aa) Importer(815301076,1909f56bfc062723c751e8b465ee728b)
Start importing Assets/Samples/XR Hands/1.3.0/HandVisualizer/Materials/Blue.mat using Guid(7b26add94f09dc44fb811013f007a3aa) Importer(815301076,1909f56bfc062723c751e8b465ee728b)  -> (artifact id: '4e9b673f524180df2ea7718bf6dc4125') in 0.014923 seconds
Number of updated asset objects reloaded before import = 0
Number of asset objects unloaded after import = 2
========================================================================
Received Import Request.
  Time since last request: 0.000020 seconds.
  path: Assets/Models3D/Materials/MoonCapsule.mat
  artifactKey: Guid(bdec4e5b2b6f5484a937ff3d1a68c90c) Importer(815301076,1909f56bfc062723c751e8b465ee728b)
Start importing Assets/Models3D/Materials/MoonCapsule.mat using Guid(bdec4e5b2b6f5484a937ff3d1a68c90c) Importer(815301076,1909f56bfc062723c751e8b465ee728b)  -> (artifact id: 'f7cc14893ec214680bd7910ed6bc2cf8') in 0.042944 seconds
Number of updated asset objects reloaded before import = 0
Number of asset objects unloaded after import = 6
========================================================================
Received Import Request.
  Time since last request: 0.000027 seconds.
  path: Assets/Models3D/Textures/StarTexture/2048/StarTexture_HIRES.mat
  artifactKey: Guid(c146daf0163687f47b4c34424b41c4be) Importer(815301076,1909f56bfc062723c751e8b465ee728b)
Start importing Assets/Models3D/Textures/StarTexture/2048/StarTexture_HIRES.mat using Guid(c146daf0163687f47b4c34424b41c4be) Importer(815301076,1909f56bfc062723c751e8b465ee728b)  -> (artifact id: '09e14d4df36802a2241627a8cb75c3df') in 0.074597 seconds
Number of updated asset objects reloaded before import = 0
Number of asset objects unloaded after import = 8
========================================================================
Received Import Request.
  Time since last request: 0.000032 seconds.
  path: Assets/Models3D/Materials/Moonbase_SolarPanel.mat
  artifactKey: Guid(760eaa912333d574aa32054ac824b382) Importer(815301076,1909f56bfc062723c751e8b465ee728b)
Start importing Assets/Models3D/Materials/Moonbase_SolarPanel.mat using Guid(760eaa912333d574aa32054ac824b382) Importer(815301076,1909f56bfc062723c751e8b465ee728b)  -> (artifact id: 'd146e7513220296209008b4bb025f515') in 0.074703 seconds
Number of updated asset objects reloaded before import = 0
Number of asset objects unloaded after import = 6
Editor requested this worker to shutdown with reason: Scaling down because of idle timeout
AssetImportWorker is now disconnected from the server
Process exiting
Exiting without the bug reporter. Application will terminate with return code 0