Using pre-set license
Built from '2023.1/staging' branch; Version is '2023.1.10f1 (661833f8c66c) revision 6690867'; Using compiler version '192829333'; Build Type 'Release'
OS: 'Windows 10  (10.0.19045) 64bit Education' Language: 'fr' Physical Memory: 32481 MB
BatchMode: 1, IsHumanControllingUs: 0, StartBugReporterOnCrash: 0, Is64bit: 1, IsPro: 1

COMMAND LINE ARGUMENTS:
C:\Program Files\Unity\Hub\Editor\2023.1.10f1\Editor\Unity.exe
-adb2
-batchMode
-noUpm
-name
AssetImportWorker0
-projectPath
C:/Users/e2124480/Desktop/JeuQuilles
-logFile
Logs/AssetImportWorker0.log
-srvPort
51168
Successfully changed project path to: C:/Users/e2124480/Desktop/JeuQuilles
C:/Users/e2124480/Desktop/JeuQuilles
[UnityMemory] Configuration Parameters - Can be set up in boot.config
    "memorysetup-bucket-allocator-granularity=16"
    "memorysetup-bucket-allocator-bucket-count=8"
    "memorysetup-bucket-allocator-block-size=33554432"
    "memorysetup-bucket-allocator-block-count=8"
    "memorysetup-main-allocator-block-size=16777216"
    "memorysetup-thread-allocator-block-size=16777216"
    "memorysetup-gfx-main-allocator-block-size=16777216"
    "memorysetup-gfx-thread-allocator-block-size=16777216"
    "memorysetup-cache-allocator-block-size=4194304"
    "memorysetup-typetree-allocator-block-size=2097152"
    "memorysetup-profiler-bucket-allocator-granularity=16"
    "memorysetup-profiler-bucket-allocator-bucket-count=8"
    "memorysetup-profiler-bucket-allocator-block-size=33554432"
    "memorysetup-profiler-bucket-allocator-block-count=8"
    "memorysetup-profiler-allocator-block-size=16777216"
    "memorysetup-profiler-editor-allocator-block-size=1048576"
    "memorysetup-temp-allocator-size-main=16777216"
    "memorysetup-job-temp-allocator-block-size=2097152"
    "memorysetup-job-temp-allocator-block-size-background=1048576"
    "memorysetup-job-temp-allocator-reduction-small-platforms=262144"
    "memorysetup-allocator-temp-initial-block-size-main=262144"
    "memorysetup-allocator-temp-initial-block-size-worker=262144"
    "memorysetup-temp-allocator-size-background-worker=32768"
    "memorysetup-temp-allocator-size-job-worker=262144"
    "memorysetup-temp-allocator-size-preload-manager=33554432"
    "memorysetup-temp-allocator-size-nav-mesh-worker=65536"
    "memorysetup-temp-allocator-size-audio-worker=65536"
    "memorysetup-temp-allocator-size-cloud-worker=32768"
    "memorysetup-temp-allocator-size-gi-baking-worker=262144"
    "memorysetup-temp-allocator-size-gfx=262144"
Player connection [10400] Host "[IP] 10.80.68.153 [Port] 0 [Flags] 2 [Guid] 560440630 [EditorId] 560440630 [Version] 1048832 [Id] WindowsEditor(7,B1151-10) [Debug] 1 [PackageName] WindowsEditor [ProjectName] Editor" joined multi-casting on [225.0.0.222:54997]...

Player connection [10400] Host "[IP] 10.80.68.153 [Port] 0 [Flags] 2 [Guid] 560440630 [EditorId] 560440630 [Version] 1048832 [Id] WindowsEditor(7,B1151-10) [Debug] 1 [PackageName] WindowsEditor [ProjectName] Editor" joined alternative multi-casting on [225.0.0.222:34997]...

[Physics::Module] Initialized MultithreadedJobDispatcher with 19 workers.
Library Redirect Path: Library/Refreshing native plugins compatible for Editor in 17.61 ms, found 13 plugins.
Preloading 1 native plugins for Editor in 0.43 ms.
Initialize engine version: 2023.1.10f1 (661833f8c66c)
[Subsystems] Discovering subsystems at path C:/Program Files/Unity/Hub/Editor/2023.1.10f1/Editor/Data/Resources/UnitySubsystems
[Subsystems] Discovering subsystems at path C:/Users/e2124480/Desktop/JeuQuilles/Assets
GfxDevice: creating device client; threaded=0; jobified=0
Direct3D:
    Version:  Direct3D 11.0 [level 11.1]
    Renderer: NVIDIA GeForce RTX 3080 (ID=0x2216)
    Vendor:   NVIDIA
    VRAM:     10067 MB
    Driver:   31.0.15.3667
Initialize mono
Mono path[0] = 'C:/Program Files/Unity/Hub/Editor/2023.1.10f1/Editor/Data/Managed'
Mono path[1] = 'C:/Program Files/Unity/Hub/Editor/2023.1.10f1/Editor/Data/MonoBleedingEdge/lib/mono/unityjit-win32'
Mono config path = 'C:/Program Files/Unity/Hub/Editor/2023.1.10f1/Editor/Data/MonoBleedingEdge/etc'
Using monoOptions --debugger-agent=transport=dt_socket,embedding=1,server=y,suspend=n,address=127.0.0.1:56044
Begin MonoManager ReloadAssembly
C:\build\output\Unity-Technologies\mono\mono\metadata\icall.c:1842:
C:\build\output\Unity-Technologies\mono\mono\metadata\icall.c:1842:
C:\build\output\Unity-Technologies\mono\mono\metadata\icall.c:1842:
C:\build\output\Unity-Technologies\mono\mono\metadata\icall.c:1842:
C:\build\output\Unity-Technologies\mono\mono\metadata\icall.c:1842:
C:\build\output\Unity-Technologies\mono\mono\metadata\icall.c:1842:
C:\build\output\Unity-Technologies\mono\mono\metadata\icall.c:1842:
C:\build\output\Unity-Technologies\mono\mono\metadata\icall.c:1842:
C:\build\output\Unity-Technologies\mono\mono\metadata\icall.c:1842:
C:\build\output\Unity-Technologies\mono\mono\metadata\icall.c:1842:
Registering precompiled unity dll's ...
Register platform support module: C:/Program Files/Unity/Hub/Editor/2023.1.10f1/Editor/Data/PlaybackEngines/WindowsStandaloneSupport/UnityEditor.WindowsStandalone.Extensions.dll
Register platform support module: C:/Program Files/Unity/Hub/Editor/2023.1.10f1/Editor/Data/PlaybackEngines/AndroidPlayer/UnityEditor.Android.Extensions.dll
Registered in 0.003953 seconds.
- Loaded All Assemblies, in  0.348 seconds
Native extension for Android target not found
Android Extension - Scanning For ADB Devices 215 ms
Native extension for WindowsStandalone target not found
Mono: successfully reloaded assembly
C:\build\output\Unity-Technologies\mono\mono\metadata\icall.c:1842:
C:\build\output\Unity-Technologies\mono\mono\metadata\icall.c:1842:
- Finished resetting the current domain, in  0.505 seconds
Domain Reload Profiling: 850ms
	BeginReloadAssembly (114ms)
		ExecutionOrderSort (0ms)
		DisableScriptedObjects (0ms)
		BackupInstance (0ms)
		ReleaseScriptingObjects (0ms)
		CreateAndSetChildDomain (1ms)
	RebuildCommonClasses (28ms)
	RebuildNativeTypeToScriptingClass (12ms)
	initialDomainReloadingComplete (42ms)
	LoadAllAssembliesAndSetupDomain (150ms)
		LoadAssemblies (111ms)
		RebuildTransferFunctionScriptingTraits (0ms)
		AnalyzeDomain (145ms)
			TypeCache.Refresh (144ms)
				TypeCache.ScanAssembly (133ms)
			ScanForSourceGeneratedMonoScriptInfo (0ms)
			ResolveRequiredComponents (0ms)
	FinalizeReload (505ms)
		ReleaseScriptCaches (0ms)
		RebuildScriptCaches (0ms)
		SetupLoadedEditorAssemblies (463ms)
			LogAssemblyErrors (0ms)
			InitializePlatformSupportModulesInManaged (312ms)
			SetLoadedEditorAssemblies (3ms)
			BeforeProcessingInitializeOnLoad (6ms)
			ProcessInitializeOnLoadAttributes (95ms)
			ProcessInitializeOnLoadMethodAttributes (46ms)
			AfterProcessingInitializeOnLoad (0ms)
			EditorAssembliesLoaded (0ms)
		ExecutionOrderSort2 (0ms)
		AwakeInstancesAfterBackupRestoration (0ms)
========================================================================
Worker process is ready to serve import requests
Import Worker Mode flag is 0x00
Begin MonoManager ReloadAssembly
C:\build\output\Unity-Technologies\mono\mono\metadata\icall.c:1842:
C:\build\output\Unity-Technologies\mono\mono\metadata\icall.c:1842:
C:\build\output\Unity-Technologies\mono\mono\metadata\icall.c:1842:
C:\build\output\Unity-Technologies\mono\mono\metadata\icall.c:1842:
C:\build\output\Unity-Technologies\mono\mono\metadata\icall.c:1842:
C:\build\output\Unity-Technologies\mono\mono\metadata\icall.c:1842:
C:\build\output\Unity-Technologies\mono\mono\metadata\icall.c:1842:
C:\build\output\Unity-Technologies\mono\mono\metadata\icall.c:1842:
C:\build\output\Unity-Technologies\mono\mono\metadata\icall.c:1842:
C:\build\output\Unity-Technologies\mono\mono\metadata\icall.c:1842:
C:\build\output\Unity-Technologies\mono\mono\metadata\icall.c:1842:
C:\build\output\Unity-Technologies\mono\mono\metadata\icall.c:1842:
Symbol file LoadedFromMemory doesn't match image C:\Users\e2124480\Desktop\JeuQuilles\Library\PackageCache\com.unity.visualscripting@1.8.0\Editor\VisualScripting.Core\Dependencies\YamlDotNet\Unity.VisualScripting.YamlDotNet.dll
Symbol file LoadedFromMemory doesn't match image C:\Users\e2124480\Desktop\JeuQuilles\Library\PackageCache\com.unity.visualscripting@1.8.0\Editor\VisualScripting.Core\Dependencies\DotNetZip\Unity.VisualScripting.IonicZip.dll
- Loaded All Assemblies, in  0.807 seconds
Refreshing native plugins compatible for Editor in 9.63 ms, found 13 plugins.
Native extension for Android target not found
Native extension for WindowsStandalone target not found
Package Manager log level set to [2]
[Package Manager] Failed to launch server process. Reason: Unity was launched with the -noUpm command-line argument
[Package Manager] Unable to send message (not connected to server process).
[Package Manager] Cannot connect to Unity Package Manager local server
System.Reflection.TargetInvocationException: Exception has been thrown by the target of an invocation. ---> System.NullReferenceException: Object reference not set to an instance of an object
  at Unity.XR.Oculus.OculusLoader.AssetPathToAbsolutePath (System.String assetPath) [0x0003d] in .\Library\PackageCache\com.unity.xr.oculus@4.0.0\Runtime\OculusLoader.cs:282 
  at Unity.XR.Oculus.OculusLoader.EditorLoadOVRPlugin () [0x0007b] in .\Library\PackageCache\com.unity.xr.oculus@4.0.0\Runtime\OculusLoader.cs:267 
  at (wrapper managed-to-native) System.Reflection.RuntimeMethodInfo.InternalInvoke(System.Reflection.RuntimeMethodInfo,object,object[],System.Exception&)
  at System.Reflection.RuntimeMethodInfo.Invoke (System.Object obj, System.Reflection.BindingFlags invokeAttr, System.Reflection.Binder binder, System.Object[] parameters, System.Globalization.CultureInfo culture) [0x0006a] in <c4a10e89722742a4b5cd750857e291eb>:0 
   --- End of inner exception stack trace ---
  at System.Reflection.RuntimeMethodInfo.Invoke (System.Object obj, System.Reflection.BindingFlags invokeAttr, System.Reflection.Binder binder, System.Object[] parameters, System.Globalization.CultureInfo culture) [0x00083] in <c4a10e89722742a4b5cd750857e291eb>:0 
  at System.Reflection.MethodBase.Invoke (System.Object obj, System.Object[] parameters) [0x00000] in <c4a10e89722742a4b5cd750857e291eb>:0 
  at UnityEditor.EditorAssemblies.ProcessInitializeOnLoadMethodAttributes () [0x00056] in <8059afc4969f4faea44ce7e8d8dd149e>:0 
UnityEngine.StackTraceUtility:ExtractStackTrace ()
UnityEngine.DebugLogHandler:Internal_Log (UnityEngine.LogType,UnityEngine.LogOption,string,UnityEngine.Object)
UnityEngine.DebugLogHandler:LogFormat (UnityEngine.LogType,UnityEngine.Object,string,object[])
UnityEngine.Logger:Log (UnityEngine.LogType,object)
UnityEngine.Debug:LogError (object)
UnityEditor.EditorAssemblies:ProcessInitializeOnLoadMethodAttributes ()

Mono: successfully reloaded assembly
[Package Manager] Failed to launch server process. Reason: Unity was launched with the -noUpm command-line argument
[Package Manager] Unable to send message (not connected to server process).
[Package Manager] Cannot connect to Unity Package Manager local server
[Package Manager] Failed to launch server process. Reason: Unity was launched with the -noUpm command-line argument
[Package Manager] Unable to send message (not connected to server process).
[Package Manager] Cannot connect to Unity Package Manager local server
- Finished resetting the current domain, in  0.668 seconds
Domain Reload Profiling: 1470ms
	BeginReloadAssembly (225ms)
		ExecutionOrderSort (0ms)
		DisableScriptedObjects (5ms)
		BackupInstance (0ms)
		ReleaseScriptingObjects (0ms)
		CreateAndSetChildDomain (24ms)
	RebuildCommonClasses (28ms)
	RebuildNativeTypeToScriptingClass (10ms)
	initialDomainReloadingComplete (30ms)
	LoadAllAssembliesAndSetupDomain (509ms)
		LoadAssemblies (263ms)
		RebuildTransferFunctionScriptingTraits (0ms)
		AnalyzeDomain (321ms)
			TypeCache.Refresh (283ms)
				TypeCache.ScanAssembly (269ms)
			ScanForSourceGeneratedMonoScriptInfo (27ms)
			ResolveRequiredComponents (11ms)
	FinalizeReload (668ms)
		ReleaseScriptCaches (0ms)
		RebuildScriptCaches (0ms)
		SetupLoadedEditorAssemblies (425ms)
			LogAssemblyErrors (0ms)
			InitializePlatformSupportModulesInManaged (15ms)
			SetLoadedEditorAssemblies (3ms)
			BeforeProcessingInitializeOnLoad (76ms)
			ProcessInitializeOnLoadAttributes (278ms)
			ProcessInitializeOnLoadMethodAttributes (49ms)
			AfterProcessingInitializeOnLoad (4ms)
			EditorAssembliesLoaded (0ms)
		ExecutionOrderSort2 (0ms)
		AwakeInstancesAfterBackupRestoration (5ms)
Launched and connected shader compiler UnityShaderCompiler.exe after 0.01 seconds
Refreshing native plugins compatible for Editor in 10.19 ms, found 13 plugins.
Preloading 1 native plugins for Editor in 0.06 ms.
Unloading 6259 Unused Serialized files (Serialized files now loaded: 0)
Unloading 119 unused Assets / (1.5 MB). Loaded Objects now: 6802.
Memory consumption went from 239.4 MB to 237.9 MB.
Total: 5.556800 ms (FindLiveObjects: 0.461300 ms CreateObjectMapping: 0.609200 ms MarkObjects: 4.073800 ms  DeleteObjects: 0.411700 ms)

AssetImportParameters requested are different than current active one (requested -> active):
  custom:video-decoder-webm-vp8: 9c59270c3fd7afecdb556c50c9e8de78 -> 
  custom:SearchIndexIgnoredProperties: e643bd26f0fe6173181afceb89e7c659 -> 
  custom:audio-encoder-webm-vorbis: bf7c407c2cedff20999df2af8eb42d56 -> 
  custom:AudioImporter_EditorPlatform: d09bf68614088b80899f8185d706f6e7 -> 
  custom:audio-decoder-ogg-vorbis: bf7c407c2cedff20999df2af8eb42d56 -> 
  custom:video-encoder-webm-vp8: eb34c28f22e8b96e1ab97ce403110664 -> 
  custom:container-demuxer-ogg: 62fdf1f143b41e24485cea50d1cbac27 -> 
  custom:framework-win-MediaFoundation: 216162199b28c13a410421893ffa2e32 -> 
  custom:video-decoder-ogg-theora: a1e56fd34408186e4bbccfd4996cb3dc -> 
  custom:container-muxer-webm: aa71ff27fc2769a1b78a27578f13a17b -> 
  custom:CustomObjectIndexerAttribute: a3ef5dd2817f97addfee359851a9dba5 -> 
  custom:container-demuxer-webm: 4f35f7cbe854078d1ac9338744f61a02 -> 
========================================================================
Received Import Request.
  Time since last request: 1336.191902 seconds.
  path: Assets/PremierShaderGraph.shadergraph
  artifactKey: Guid(e18679bcf3e56cf4882e084997e3b477) Importer(815301076,1909f56bfc062723c751e8b465ee728b)
Start importing Assets/PremierShaderGraph.shadergraph using Guid(e18679bcf3e56cf4882e084997e3b477) Importer(815301076,1909f56bfc062723c751e8b465ee728b)  -> (artifact id: 'd7182f81eb298de2237c826f001c05fb') in 0.643308 seconds
Number of updated asset objects reloaded before import = 38
Number of asset objects unloaded after import = 3
========================================================================
Received Import Request.
  Time since last request: 439.155977 seconds.
  path: Assets/Models3D/Prefabs/hamster/source/Desktop/model.fbx
  artifactKey: Guid(8ebd347b29f84604ba60a3e3bf209ca9) Importer(815301076,1909f56bfc062723c751e8b465ee728b)
Start importing Assets/Models3D/Prefabs/hamster/source/Desktop/model.fbx using Guid(8ebd347b29f84604ba60a3e3bf209ca9) Importer(815301076,1909f56bfc062723c751e8b465ee728b)  -> (artifact id: 'e0a684d2dad2e166e323f69dad581b29') in 0.210554 seconds
Number of updated asset objects reloaded before import = 0
Number of asset objects unloaded after import = 9
========================================================================
Received Import Request.
  Time since last request: 29.589620 seconds.
  path: Assets/PremierShaderGraph.shadergraph
  artifactKey: Guid(e18679bcf3e56cf4882e084997e3b477) Importer(815301076,1909f56bfc062723c751e8b465ee728b)
Start importing Assets/PremierShaderGraph.shadergraph using Guid(e18679bcf3e56cf4882e084997e3b477) Importer(815301076,1909f56bfc062723c751e8b465ee728b)  -> (artifact id: '6eafaf90319e0cba68db6432a8947d0d') in 0.492265 seconds
Number of updated asset objects reloaded before import = 0
Number of asset objects unloaded after import = 3
========================================================================
Received Import Request.
  Time since last request: 1259.405661 seconds.
  path: Assets/PremierShaderGraph.shadergraph
  artifactKey: Guid(e18679bcf3e56cf4882e084997e3b477) Importer(815301076,1909f56bfc062723c751e8b465ee728b)
Start importing Assets/PremierShaderGraph.shadergraph using Guid(e18679bcf3e56cf4882e084997e3b477) Importer(815301076,1909f56bfc062723c751e8b465ee728b)  -> (artifact id: 'f3415cf1c38746744950cc189e80f113') in 0.301639 seconds
Number of updated asset objects reloaded before import = 0
Number of asset objects unloaded after import = 3
========================================================================
Received Import Request.
  Time since last request: 11.861683 seconds.
  path: Assets/Models3D/Textures
  artifactKey: Guid(57097d080991efb4f9f2750cbcfcf4b0) Importer(815301076,1909f56bfc062723c751e8b465ee728b)
Start importing Assets/Models3D/Textures using Guid(57097d080991efb4f9f2750cbcfcf4b0) Importer(815301076,1909f56bfc062723c751e8b465ee728b)  -> (artifact id: '7958c25a2371afc1adb8d7c97c31f8d9') in 0.000571 seconds
Number of updated asset objects reloaded before import = 0
Number of asset objects unloaded after import = 0
========================================================================
Received Import Request.
  Time since last request: 14.596365 seconds.
  path: Assets/Models3D/Textures/Custom.shadergraph
  artifactKey: Guid(6eb3cacbfc217f342becdec0f9edc3a3) Importer(815301076,1909f56bfc062723c751e8b465ee728b)
Start importing Assets/Models3D/Textures/Custom.shadergraph using Guid(6eb3cacbfc217f342becdec0f9edc3a3) Importer(815301076,1909f56bfc062723c751e8b465ee728b)  -> (artifact id: 'c919468d6c4d9b41081e02948cb38321') in 0.350719 seconds
Number of updated asset objects reloaded before import = 0
Number of asset objects unloaded after import = 3
========================================================================
Received Import Request.
  Time since last request: 30.181611 seconds.
  path: Assets/Models3D/Textures/ShaderGraph
  artifactKey: Guid(bbf4340fa283aab4ea5917cbc03cc0a8) Importer(815301076,1909f56bfc062723c751e8b465ee728b)
Start importing Assets/Models3D/Textures/ShaderGraph using Guid(bbf4340fa283aab4ea5917cbc03cc0a8) Importer(815301076,1909f56bfc062723c751e8b465ee728b)  -> (artifact id: '26f56c861745fdd7779ff712f077f860') in 0.000551 seconds
Number of updated asset objects reloaded before import = 0
Number of asset objects unloaded after import = 0
========================================================================
Received Import Request.
  Time since last request: 564.422344 seconds.
  path: Assets/ShaderGraph/Custom.shadergraph
  artifactKey: Guid(6eb3cacbfc217f342becdec0f9edc3a3) Importer(815301076,1909f56bfc062723c751e8b465ee728b)
Start importing Assets/ShaderGraph/Custom.shadergraph using Guid(6eb3cacbfc217f342becdec0f9edc3a3) Importer(815301076,1909f56bfc062723c751e8b465ee728b)  -> (artifact id: '60497dc9d36c7f9176dbac0417dca882') in 0.345505 seconds
Number of updated asset objects reloaded before import = 0
Number of asset objects unloaded after import = 3
========================================================================
Received Import Request.
  Time since last request: 97.994677 seconds.
  path: Assets/ShaderGraph/texture2d.shadergraph
  artifactKey: Guid(ea6254ef0f5b46d4486a3ac43919c93b) Importer(815301076,1909f56bfc062723c751e8b465ee728b)
Start importing Assets/ShaderGraph/texture2d.shadergraph using Guid(ea6254ef0f5b46d4486a3ac43919c93b) Importer(815301076,1909f56bfc062723c751e8b465ee728b)  -> (artifact id: 'cd6c0d120a0f996eaa48545b2f39fb7c') in 0.336628 seconds
Number of updated asset objects reloaded before import = 0
Number of asset objects unloaded after import = 3
========================================================================
Received Import Request.
  Time since last request: 588.173517 seconds.
  path: Assets/ShaderGraph/texture2d.shadergraph
  artifactKey: Guid(ea6254ef0f5b46d4486a3ac43919c93b) Importer(815301076,1909f56bfc062723c751e8b465ee728b)
Start importing Assets/ShaderGraph/texture2d.shadergraph using Guid(ea6254ef0f5b46d4486a3ac43919c93b) Importer(815301076,1909f56bfc062723c751e8b465ee728b)  -> (artifact id: '4a48186f319af932fdd0c4e2a382c459') in 0.352089 seconds
Number of updated asset objects reloaded before import = 0
Number of asset objects unloaded after import = 4
========================================================================
Received Import Request.
  Time since last request: 122.481798 seconds.
  path: Assets/Models3D/Prefabs/hamster/source/Desktop/textures/texture_1.png
  artifactKey: Guid(f132ccc2b8268a449b9fe7e1e034e09f) Importer(815301076,1909f56bfc062723c751e8b465ee728b)
Start importing Assets/Models3D/Prefabs/hamster/source/Desktop/textures/texture_1.png using Guid(f132ccc2b8268a449b9fe7e1e034e09f) Importer(815301076,1909f56bfc062723c751e8b465ee728b)  -> (artifact id: 'c187b1a46021ca035adba97393b4dd91') in 0.020975 seconds
Number of updated asset objects reloaded before import = 0
Number of asset objects unloaded after import = 2
========================================================================
Received Import Request.
  Time since last request: 94.117499 seconds.
  path: Assets/Models3D/Prefabs/environment-ally-with-barstrip-club/textures/wall_elaments__wall_p_Normal.png
  artifactKey: Guid(8b6ec34377f7397409893d714b4fca15) Importer(815301076,1909f56bfc062723c751e8b465ee728b)
Start importing Assets/Models3D/Prefabs/environment-ally-with-barstrip-club/textures/wall_elaments__wall_p_Normal.png using Guid(8b6ec34377f7397409893d714b4fca15) Importer(815301076,1909f56bfc062723c751e8b465ee728b)  -> (artifact id: 'b0cf112be1185d5b322f698c19c7d04f') in 0.022257 seconds
Number of updated asset objects reloaded before import = 0
Number of asset objects unloaded after import = 2
========================================================================
Received Import Request.
  Time since last request: 1.278729 seconds.
  path: Assets/Models3D/Prefabs/environment-ally-with-barstrip-club/textures/wall_elaments__wall_p_Metallic.png
  artifactKey: Guid(32bb93552fcb2f845a7b94f20a78d471) Importer(815301076,1909f56bfc062723c751e8b465ee728b)
Start importing Assets/Models3D/Prefabs/environment-ally-with-barstrip-club/textures/wall_elaments__wall_p_Metallic.png using Guid(32bb93552fcb2f845a7b94f20a78d471) Importer(815301076,1909f56bfc062723c751e8b465ee728b)  -> (artifact id: 'f4ea95e00a75595d55be72ef6f864cdc') in 0.018234 seconds
Number of updated asset objects reloaded before import = 0
Number of asset objects unloaded after import = 2
========================================================================
Received Import Request.
  Time since last request: 0.499365 seconds.
  path: Assets/Models3D/Textures/StarTexture/upImage.png
  artifactKey: Guid(90454034d0213284caa8b7908a628a0d) Importer(815301076,1909f56bfc062723c751e8b465ee728b)
Start importing Assets/Models3D/Textures/StarTexture/upImage.png using Guid(90454034d0213284caa8b7908a628a0d) Importer(815301076,1909f56bfc062723c751e8b465ee728b)  -> (artifact id: '010ed982c7b06208350525dd20817b18') in 0.011001 seconds
Number of updated asset objects reloaded before import = 0
Number of asset objects unloaded after import = 2
========================================================================
Received Import Request.
  Time since last request: 10.309709 seconds.
  path: Assets/Models3D/Materials/tennisBall.jpg
  artifactKey: Guid(7503478db260e419e8972e99f4cf9582) Importer(815301076,1909f56bfc062723c751e8b465ee728b)
Start importing Assets/Models3D/Materials/tennisBall.jpg using Guid(7503478db260e419e8972e99f4cf9582) Importer(815301076,1909f56bfc062723c751e8b465ee728b)  -> (artifact id: '803e6da8b7478b4b9a6d9a69752b7077') in 0.011571 seconds
Number of updated asset objects reloaded before import = 0
Number of asset objects unloaded after import = 2
========================================================================
Received Import Request.
  Time since last request: 7.463571 seconds.
  path: Assets/Models3D/Flares/star_glow.png
  artifactKey: Guid(86ac7ebcf0809fc45a8f24c594baa955) Importer(815301076,1909f56bfc062723c751e8b465ee728b)
Start importing Assets/Models3D/Flares/star_glow.png using Guid(86ac7ebcf0809fc45a8f24c594baa955) Importer(815301076,1909f56bfc062723c751e8b465ee728b)  -> (artifact id: '268d70b22bc7739d536dcfb8952609fa') in 0.016671 seconds
Number of updated asset objects reloaded before import = 0
Number of asset objects unloaded after import = 2
========================================================================
Received Import Request.
  Time since last request: 1.776631 seconds.
  path: Assets/Samples/Universal RP/15.0.6/URP Package Samples/LensFlares/Textures/Shimmer.png
  artifactKey: Guid(fc0e248a658684c3e8fe68d5931552b9) Importer(815301076,1909f56bfc062723c751e8b465ee728b)
Start importing Assets/Samples/Universal RP/15.0.6/URP Package Samples/LensFlares/Textures/Shimmer.png using Guid(fc0e248a658684c3e8fe68d5931552b9) Importer(815301076,1909f56bfc062723c751e8b465ee728b)  -> (artifact id: '43f600269a34638e59d576642e2f2e3e') in 0.012475 seconds
Number of updated asset objects reloaded before import = 0
Number of asset objects unloaded after import = 2
========================================================================
Received Import Request.
  Time since last request: 0.417542 seconds.
  path: Assets/Black Whale Studio/VR Keyboard XRI/Textures/Icons/shiftButton.png
  artifactKey: Guid(6ac134214ae40224fbbfaedcb6cdeaee) Importer(815301076,1909f56bfc062723c751e8b465ee728b)
Start importing Assets/Black Whale Studio/VR Keyboard XRI/Textures/Icons/shiftButton.png using Guid(6ac134214ae40224fbbfaedcb6cdeaee) Importer(815301076,1909f56bfc062723c751e8b465ee728b)  -> (artifact id: '9cc1835236c0b4cb34b6e7337327bfdb') in 0.038137 seconds
Number of updated asset objects reloaded before import = 0
Number of asset objects unloaded after import = 3
========================================================================
Received Import Request.
  Time since last request: 1.178284 seconds.
  path: Assets/Models3D/Textures/Terrain/Sand with Pebbles/SandWithPebbles_Normal.png
  artifactKey: Guid(e3c957d9dae49394187b01e9910e07b2) Importer(815301076,1909f56bfc062723c751e8b465ee728b)
Start importing Assets/Models3D/Textures/Terrain/Sand with Pebbles/SandWithPebbles_Normal.png using Guid(e3c957d9dae49394187b01e9910e07b2) Importer(815301076,1909f56bfc062723c751e8b465ee728b)  -> (artifact id: '17176bd7e6b19f82fae527db24f45547') in 0.018388 seconds
Number of updated asset objects reloaded before import = 0
Number of asset objects unloaded after import = 2
========================================================================
Received Import Request.
  Time since last request: 5.198678 seconds.
  path: Assets/Models3D/Textures/Terrain/Sand with Pebbles/SandWithPebble_Albedo.png
  artifactKey: Guid(70c8656977e0b6f4395e69abadefb288) Importer(815301076,1909f56bfc062723c751e8b465ee728b)
Start importing Assets/Models3D/Textures/Terrain/Sand with Pebbles/SandWithPebble_Albedo.png using Guid(70c8656977e0b6f4395e69abadefb288) Importer(815301076,1909f56bfc062723c751e8b465ee728b)  -> (artifact id: 'aa8e3b02e67c5bf12e25a27e5c31d122') in 0.012720 seconds
Number of updated asset objects reloaded before import = 0
Number of asset objects unloaded after import = 2
========================================================================
Received Import Request.
  Time since last request: 0.568487 seconds.
  path: Assets/Samples/XR Interaction Toolkit/2.4.3/Hands Interaction Demo/Runtime/Sprites/Round Radius 4 Outline.png
  artifactKey: Guid(cd0a7543817f3894f88cb282c643e0b5) Importer(815301076,1909f56bfc062723c751e8b465ee728b)
Start importing Assets/Samples/XR Interaction Toolkit/2.4.3/Hands Interaction Demo/Runtime/Sprites/Round Radius 4 Outline.png using Guid(cd0a7543817f3894f88cb282c643e0b5) Importer(815301076,1909f56bfc062723c751e8b465ee728b)  -> (artifact id: '028a8504714a33e71a989781c198b8eb') in 0.013241 seconds
Number of updated asset objects reloaded before import = 0
Number of asset objects unloaded after import = 3
========================================================================
Received Import Request.
  Time since last request: 7.992512 seconds.
  path: Assets/Samples/Universal RP/15.0.6/URP Package Samples/LensFlares/Textures/Ring.png
  artifactKey: Guid(9a7c7749fe7e54cb8824cba351ceffe0) Importer(815301076,1909f56bfc062723c751e8b465ee728b)
Start importing Assets/Samples/Universal RP/15.0.6/URP Package Samples/LensFlares/Textures/Ring.png using Guid(9a7c7749fe7e54cb8824cba351ceffe0) Importer(815301076,1909f56bfc062723c751e8b465ee728b)  -> (artifact id: '6217fc6f4af86190083148421383a2fa') in 0.012597 seconds
Number of updated asset objects reloaded before import = 0
Number of asset objects unloaded after import = 2
========================================================================
Received Import Request.
  Time since last request: 0.703152 seconds.
  path: Assets/Models3D/Textures/StarTexture/rightImage.png
  artifactKey: Guid(f7f97bb342d60684392a521b093d99f5) Importer(815301076,1909f56bfc062723c751e8b465ee728b)
Start importing Assets/Models3D/Textures/StarTexture/rightImage.png using Guid(f7f97bb342d60684392a521b093d99f5) Importer(815301076,1909f56bfc062723c751e8b465ee728b)  -> (artifact id: 'c7a561f6c19c9d9863f8cdf7456e6cb9') in 0.012460 seconds
Number of updated asset objects reloaded before import = 0
Number of asset objects unloaded after import = 2
========================================================================
Received Import Request.
  Time since last request: 2.744957 seconds.
  path: Assets/Models3D/Textures/StarTexture/2048/rightImage.png
  artifactKey: Guid(d420344f28725fb4b96b0d0980ba31bc) Importer(815301076,1909f56bfc062723c751e8b465ee728b)
Start importing Assets/Models3D/Textures/StarTexture/2048/rightImage.png using Guid(d420344f28725fb4b96b0d0980ba31bc) Importer(815301076,1909f56bfc062723c751e8b465ee728b)  -> (artifact id: 'c474d0995b5f7d29927244b693b6e8e3') in 0.015735 seconds
Number of updated asset objects reloaded before import = 0
Number of asset objects unloaded after import = 2
========================================================================
Received Import Request.
  Time since last request: 5.984496 seconds.
  path: Assets/Models3D/Prefabs/environment-ally-with-barstrip-club/textures/real_b1_b1_Roughness.png
  artifactKey: Guid(0ee57208438e92744b323edbf69e49fb) Importer(815301076,1909f56bfc062723c751e8b465ee728b)
Start importing Assets/Models3D/Prefabs/environment-ally-with-barstrip-club/textures/real_b1_b1_Roughness.png using Guid(0ee57208438e92744b323edbf69e49fb) Importer(815301076,1909f56bfc062723c751e8b465ee728b)  -> (artifact id: 'ef26eec4202f5a71d1ac4fbb102b8325') in 0.014075 seconds
Number of updated asset objects reloaded before import = 0
Number of asset objects unloaded after import = 2
========================================================================
Received Import Request.
  Time since last request: 1.021926 seconds.
  path: Assets/Models3D/Prefabs/environment-ally-with-barstrip-club/textures/poster_sem_BaseColor.png
  artifactKey: Guid(028a036c3357bba4497a7309809aea64) Importer(815301076,1909f56bfc062723c751e8b465ee728b)
Start importing Assets/Models3D/Prefabs/environment-ally-with-barstrip-club/textures/poster_sem_BaseColor.png using Guid(028a036c3357bba4497a7309809aea64) Importer(815301076,1909f56bfc062723c751e8b465ee728b)  -> (artifact id: '92b9d129b86ac9f5c8cb83d6541dd8ac') in 0.013997 seconds
Number of updated asset objects reloaded before import = 0
Number of asset objects unloaded after import = 2
========================================================================
Received Import Request.
  Time since last request: 1.807637 seconds.
  path: Assets/Models3D/Prefabs/environment-ally-with-barstrip-club/textures/poster_DefaultMaterial_BaseColor.png
  artifactKey: Guid(92250e7cb60a2954a8b2e4b7d49e664f) Importer(815301076,1909f56bfc062723c751e8b465ee728b)
Start importing Assets/Models3D/Prefabs/environment-ally-with-barstrip-club/textures/poster_DefaultMaterial_BaseColor.png using Guid(92250e7cb60a2954a8b2e4b7d49e664f) Importer(815301076,1909f56bfc062723c751e8b465ee728b)  -> (artifact id: '89c3baaabca020657114e84999f9e69d') in 0.021849 seconds
Number of updated asset objects reloaded before import = 0
Number of asset objects unloaded after import = 2
========================================================================
Received Import Request.
  Time since last request: 0.767039 seconds.
  path: Assets/Models3D/Prefabs/environment-ally-with-barstrip-club/textures/poster_bm_Normal.png
  artifactKey: Guid(5d8c0a7dbc9e03c448c6c0d61add7f2c) Importer(815301076,1909f56bfc062723c751e8b465ee728b)
Start importing Assets/Models3D/Prefabs/environment-ally-with-barstrip-club/textures/poster_bm_Normal.png using Guid(5d8c0a7dbc9e03c448c6c0d61add7f2c) Importer(815301076,1909f56bfc062723c751e8b465ee728b)  -> (artifact id: '620dfbcb7c15053ccada721c59cb26b9') in 0.019011 seconds
Number of updated asset objects reloaded before import = 0
Number of asset objects unloaded after import = 2
========================================================================
Received Import Request.
  Time since last request: 2.192285 seconds.
  path: Assets/Models3D/Prefabs/environment-ally-with-barstrip-club/textures/poster_bm_BaseColor.png
  artifactKey: Guid(e847c79da9d7b854097929a223f6239b) Importer(815301076,1909f56bfc062723c751e8b465ee728b)
Start importing Assets/Models3D/Prefabs/environment-ally-with-barstrip-club/textures/poster_bm_BaseColor.png using Guid(e847c79da9d7b854097929a223f6239b) Importer(815301076,1909f56bfc062723c751e8b465ee728b)  -> (artifact id: '2037b75105f97c187da3ac4063490fec') in 0.017597 seconds
Number of updated asset objects reloaded before import = 0
Number of asset objects unloaded after import = 2
========================================================================
Received Import Request.
  Time since last request: 1.003502 seconds.
  path: Assets/Models3D/Prefabs/environment-ally-with-barstrip-club/textures/pipes__pipes_Normal.png
  artifactKey: Guid(a1878907b024d2046b8381d32ec845c0) Importer(815301076,1909f56bfc062723c751e8b465ee728b)
Start importing Assets/Models3D/Prefabs/environment-ally-with-barstrip-club/textures/pipes__pipes_Normal.png using Guid(a1878907b024d2046b8381d32ec845c0) Importer(815301076,1909f56bfc062723c751e8b465ee728b)  -> (artifact id: '5df58f03f1f4a78730244baea924cd34') in 0.019622 seconds
Number of updated asset objects reloaded before import = 0
Number of asset objects unloaded after import = 2
========================================================================
Received Import Request.
  Time since last request: 1.373273 seconds.
  path: Assets/Samples/Universal RP/15.0.6/URP Package Samples/LensFlares/Textures/PartialRIng.png
  artifactKey: Guid(c2c1b05cbec484af59dbad0093e9ed9b) Importer(815301076,1909f56bfc062723c751e8b465ee728b)
Start importing Assets/Samples/Universal RP/15.0.6/URP Package Samples/LensFlares/Textures/PartialRIng.png using Guid(c2c1b05cbec484af59dbad0093e9ed9b) Importer(815301076,1909f56bfc062723c751e8b465ee728b)  -> (artifact id: 'c138d4dc9ef7268ea1f6c9766432a8a2') in 0.020397 seconds
Number of updated asset objects reloaded before import = 0
Number of asset objects unloaded after import = 2
========================================================================
Received Import Request.
  Time since last request: 0.490335 seconds.
  path: Assets/Models3D/Prefabs/environment-ally-with-barstrip-club/textures/pipes__pipes_BaseColor.png
  artifactKey: Guid(0206de1b5e44f44459e63093f56dddc2) Importer(815301076,1909f56bfc062723c751e8b465ee728b)
Start importing Assets/Models3D/Prefabs/environment-ally-with-barstrip-club/textures/pipes__pipes_BaseColor.png using Guid(0206de1b5e44f44459e63093f56dddc2) Importer(815301076,1909f56bfc062723c751e8b465ee728b)  -> (artifact id: '600e749fee5fba0e3cd7daad53b90c3d') in 0.013282 seconds
Number of updated asset objects reloaded before import = 0
Number of asset objects unloaded after import = 2
========================================================================
Received Import Request.
  Time since last request: 2.461267 seconds.
  path: Assets/Samples/XR Interaction Toolkit/2.4.3/XR Device Simulator/UI/HeadDevice/Movement.png
  artifactKey: Guid(1d56a2d39cfbb49149abbf0076259327) Importer(815301076,1909f56bfc062723c751e8b465ee728b)
Start importing Assets/Samples/XR Interaction Toolkit/2.4.3/XR Device Simulator/UI/HeadDevice/Movement.png using Guid(1d56a2d39cfbb49149abbf0076259327) Importer(815301076,1909f56bfc062723c751e8b465ee728b)  -> (artifact id: '07f6f89284ab4cc21fcb2905c4c11995') in 0.013589 seconds
Number of updated asset objects reloaded before import = 0
Number of asset objects unloaded after import = 3
========================================================================
Received Import Request.
  Time since last request: 1.138578 seconds.
  path: Assets/Samples/XR Interaction Toolkit/2.4.3/XR Device Simulator/UI/General/OpenWindow.png
  artifactKey: Guid(633d1ace045fe402a9b307cb58251aa4) Importer(815301076,1909f56bfc062723c751e8b465ee728b)
Start importing Assets/Samples/XR Interaction Toolkit/2.4.3/XR Device Simulator/UI/General/OpenWindow.png using Guid(633d1ace045fe402a9b307cb58251aa4) Importer(815301076,1909f56bfc062723c751e8b465ee728b)  -> (artifact id: 'bd5269c91838517d3144f2c030a8d48f') in 0.014155 seconds
Number of updated asset objects reloaded before import = 0
Number of asset objects unloaded after import = 3
========================================================================
Received Import Request.
  Time since last request: 1.091018 seconds.
  path: Assets/Models3D/Textures/Watertank/Moonbase_watertank_MoonBase_WaterTank_MetallicSmoothness.png
  artifactKey: Guid(806ea42881952474d9064a87615fbe64) Importer(815301076,1909f56bfc062723c751e8b465ee728b)
Start importing Assets/Models3D/Textures/Watertank/Moonbase_watertank_MoonBase_WaterTank_MetallicSmoothness.png using Guid(806ea42881952474d9064a87615fbe64) Importer(815301076,1909f56bfc062723c751e8b465ee728b)  -> (artifact id: '8bae36683e155b3fc4ce00d02c8894d5') in 0.023349 seconds
Number of updated asset objects reloaded before import = 0
Number of asset objects unloaded after import = 2
========================================================================
Received Import Request.
  Time since last request: 0.589839 seconds.
  path: Assets/Models3D/Textures/Watertank/Moonbase_watertank_MoonBase_WaterTank_AlbedoTransparency.png
  artifactKey: Guid(e09ab55ffa19b4747b7707d1ca09f0c5) Importer(815301076,1909f56bfc062723c751e8b465ee728b)
Start importing Assets/Models3D/Textures/Watertank/Moonbase_watertank_MoonBase_WaterTank_AlbedoTransparency.png using Guid(e09ab55ffa19b4747b7707d1ca09f0c5) Importer(815301076,1909f56bfc062723c751e8b465ee728b)  -> (artifact id: 'd23b1e7912e314e0f42930d662e582b0') in 0.023857 seconds
Number of updated asset objects reloaded before import = 0
Number of asset objects unloaded after import = 2
========================================================================
Received Import Request.
  Time since last request: 0.491644 seconds.
  path: Assets/Models3D/Textures/terminal/Moonbase_Terminal_Moonbase_terminal_Normal.png
  artifactKey: Guid(0afc530c0cf7088408383c57ff0b437f) Importer(815301076,1909f56bfc062723c751e8b465ee728b)
Start importing Assets/Models3D/Textures/terminal/Moonbase_Terminal_Moonbase_terminal_Normal.png using Guid(0afc530c0cf7088408383c57ff0b437f) Importer(815301076,1909f56bfc062723c751e8b465ee728b)  -> (artifact id: '9c32cd42f28de5dab30730ec2aa76e20') in 0.033105 seconds
Number of updated asset objects reloaded before import = 0
Number of asset objects unloaded after import = 2
========================================================================
Received Import Request.
  Time since last request: 0.944624 seconds.
  path: Assets/Models3D/Textures/SolarPanel/Moonbase_SolarPanel_Moonbase_SolarPanel_MetallicSmoothness.png
  artifactKey: Guid(7e49cfd9fc82232439e19c6997141ab6) Importer(815301076,1909f56bfc062723c751e8b465ee728b)
Start importing Assets/Models3D/Textures/SolarPanel/Moonbase_SolarPanel_Moonbase_SolarPanel_MetallicSmoothness.png using Guid(7e49cfd9fc82232439e19c6997141ab6) Importer(815301076,1909f56bfc062723c751e8b465ee728b)  -> (artifact id: 'ff72a383f3da125ba250c59c9ce2c570') in 0.029268 seconds
Number of updated asset objects reloaded before import = 0
Number of asset objects unloaded after import = 2
========================================================================
Received Import Request.
  Time since last request: 0.542711 seconds.
  path: Assets/Models3D/Textures/Satellite Dish/Moonbase_SatDish_Moonbase_SatDish_AlbedoTransparency.png
  artifactKey: Guid(659d3d41ab26c7840bad20afa0c1a2ba) Importer(815301076,1909f56bfc062723c751e8b465ee728b)
Start importing Assets/Models3D/Textures/Satellite Dish/Moonbase_SatDish_Moonbase_SatDish_AlbedoTransparency.png using Guid(659d3d41ab26c7840bad20afa0c1a2ba) Importer(815301076,1909f56bfc062723c751e8b465ee728b)  -> (artifact id: '001d8c9bd1fa945eae178c1ddae047f5') in 0.016570 seconds
Number of updated asset objects reloaded before import = 0
Number of asset objects unloaded after import = 2
========================================================================
Received Import Request.
  Time since last request: 0.903406 seconds.
  path: Assets/Models3D/Textures/Gun/Moonbase_Gun_Moonbase_Gun_Normal.png
  artifactKey: Guid(7e51e9fc339e8ae44b7bd49378bc23de) Importer(815301076,1909f56bfc062723c751e8b465ee728b)
Start importing Assets/Models3D/Textures/Gun/Moonbase_Gun_Moonbase_Gun_Normal.png using Guid(7e51e9fc339e8ae44b7bd49378bc23de) Importer(815301076,1909f56bfc062723c751e8b465ee728b)  -> (artifact id: '18b5e5c47fade58cc42e24839677dcf8') in 0.016025 seconds
Number of updated asset objects reloaded before import = 0
Number of asset objects unloaded after import = 2
========================================================================
Received Import Request.
  Time since last request: 0.464977 seconds.
  path: Assets/Models3D/Textures/Gun/Moonbase_Gun_Moonbase_Gun_Emission.png
  artifactKey: Guid(b570ee268795c9241a9344d9b0d64b1a) Importer(815301076,1909f56bfc062723c751e8b465ee728b)
Start importing Assets/Models3D/Textures/Gun/Moonbase_Gun_Moonbase_Gun_Emission.png using Guid(b570ee268795c9241a9344d9b0d64b1a) Importer(815301076,1909f56bfc062723c751e8b465ee728b)  -> (artifact id: 'f9e41ada60078648a0fe572117a5033a') in 0.012094 seconds
Number of updated asset objects reloaded before import = 0
Number of asset objects unloaded after import = 2
========================================================================
Received Import Request.
  Time since last request: 1.715041 seconds.
  path: Assets/Models3D/Prefabs/environment-ally-with-barstrip-club/textures/lights_Material.021_Roughness.png
  artifactKey: Guid(bcbb6c41c328b0547967090250264703) Importer(815301076,1909f56bfc062723c751e8b465ee728b)
Start importing Assets/Models3D/Prefabs/environment-ally-with-barstrip-club/textures/lights_Material.021_Roughness.png using Guid(bcbb6c41c328b0547967090250264703) Importer(815301076,1909f56bfc062723c751e8b465ee728b)  -> (artifact id: 'ed522fcaef50c74bac0187a408d1b7d2') in 0.013358 seconds
Number of updated asset objects reloaded before import = 0
Number of asset objects unloaded after import = 2
========================================================================
Received Import Request.
  Time since last request: 30.086650 seconds.
  path: Assets/ShaderGraph/Ombre.shadergraph
  artifactKey: Guid(85826220efa345d458bf4ea910b78fde) Importer(815301076,1909f56bfc062723c751e8b465ee728b)
Start importing Assets/ShaderGraph/Ombre.shadergraph using Guid(85826220efa345d458bf4ea910b78fde) Importer(815301076,1909f56bfc062723c751e8b465ee728b)  -> (artifact id: '8c338dcfac9b2ab36cae5ea839fea93e') in 0.349155 seconds
Number of updated asset objects reloaded before import = 0
Number of asset objects unloaded after import = 3
========================================================================
Received Import Request.
  Time since last request: 571.276393 seconds.
  path: Assets/ShaderGraph/Ombre.shadergraph
  artifactKey: Guid(85826220efa345d458bf4ea910b78fde) Importer(815301076,1909f56bfc062723c751e8b465ee728b)
Start importing Assets/ShaderGraph/Ombre.shadergraph using Guid(85826220efa345d458bf4ea910b78fde) Importer(815301076,1909f56bfc062723c751e8b465ee728b)  -> (artifact id: 'fe7bfe98da665150fb1239a2485e9fcf') in 0.342573 seconds
Number of updated asset objects reloaded before import = 0
Number of asset objects unloaded after import = 3
========================================================================
Received Import Request.
  Time since last request: 15.691078 seconds.
  path: Assets/ShaderGraph/Ombre.shadergraph
  artifactKey: Guid(85826220efa345d458bf4ea910b78fde) Importer(815301076,1909f56bfc062723c751e8b465ee728b)
Start importing Assets/ShaderGraph/Ombre.shadergraph using Guid(85826220efa345d458bf4ea910b78fde) Importer(815301076,1909f56bfc062723c751e8b465ee728b)  -> (artifact id: '1f14e76d54d08a11db5019fef4d246e1') in 0.013018 seconds
Number of updated asset objects reloaded before import = 0
Number of asset objects unloaded after import = 3
========================================================================
Received Prepare
Begin MonoManager ReloadAssembly
C:\build\output\Unity-Technologies\mono\mono\metadata\icall.c:1842:
C:\build\output\Unity-Technologies\mono\mono\metadata\icall.c:1842:
C:\build\output\Unity-Technologies\mono\mono\metadata\icall.c:1842:
C:\build\output\Unity-Technologies\mono\mono\metadata\icall.c:1842:
C:\build\output\Unity-Technologies\mono\mono\metadata\icall.c:1842:
C:\build\output\Unity-Technologies\mono\mono\metadata\icall.c:1842:
C:\build\output\Unity-Technologies\mono\mono\metadata\icall.c:1842:
C:\build\output\Unity-Technologies\mono\mono\metadata\icall.c:1842:
C:\build\output\Unity-Technologies\mono\mono\metadata\icall.c:1842:
C:\build\output\Unity-Technologies\mono\mono\metadata\icall.c:1842:
C:\build\output\Unity-Technologies\mono\mono\metadata\icall.c:1842:
C:\build\output\Unity-Technologies\mono\mono\metadata\icall.c:1842:
Symbol file LoadedFromMemory doesn't match image C:\Users\e2124480\Desktop\JeuQuilles\Library\PackageCache\com.unity.visualscripting@1.8.0\Editor\VisualScripting.Core\Dependencies\YamlDotNet\Unity.VisualScripting.YamlDotNet.dll
Symbol file LoadedFromMemory doesn't match image C:\Users\e2124480\Desktop\JeuQuilles\Library\PackageCache\com.unity.visualscripting@1.8.0\Editor\VisualScripting.Core\Dependencies\DotNetZip\Unity.VisualScripting.IonicZip.dll
- Loaded All Assemblies, in  2.515 seconds
Refreshing native plugins compatible for Editor in 11.71 ms, found 13 plugins.
Native extension for Android target not found
Native extension for WindowsStandalone target not found
[Package Manager] Failed to launch server process. Reason: Unity was launched with the -noUpm command-line argument
[Package Manager] Unable to send message (not connected to server process).
[Package Manager] Cannot connect to Unity Package Manager local server
System.Reflection.TargetInvocationException: Exception has been thrown by the target of an invocation. ---> System.NullReferenceException: Object reference not set to an instance of an object
  at Unity.XR.Oculus.OculusLoader.AssetPathToAbsolutePath (System.String assetPath) [0x0003d] in .\Library\PackageCache\com.unity.xr.oculus@4.0.0\Runtime\OculusLoader.cs:282 
  at Unity.XR.Oculus.OculusLoader.EditorLoadOVRPlugin () [0x0007b] in .\Library\PackageCache\com.unity.xr.oculus@4.0.0\Runtime\OculusLoader.cs:267 
  at (wrapper managed-to-native) System.Reflection.RuntimeMethodInfo.InternalInvoke(System.Reflection.RuntimeMethodInfo,object,object[],System.Exception&)
  at System.Reflection.RuntimeMethodInfo.Invoke (System.Object obj, System.Reflection.BindingFlags invokeAttr, System.Reflection.Binder binder, System.Object[] parameters, System.Globalization.CultureInfo culture) [0x0006a] in <c4a10e89722742a4b5cd750857e291eb>:0 
   --- End of inner exception stack trace ---
  at System.Reflection.RuntimeMethodInfo.Invoke (System.Object obj, System.Reflection.BindingFlags invokeAttr, System.Reflection.Binder binder, System.Object[] parameters, System.Globalization.CultureInfo culture) [0x00083] in <c4a10e89722742a4b5cd750857e291eb>:0 
  at System.Reflection.MethodBase.Invoke (System.Object obj, System.Object[] parameters) [0x00000] in <c4a10e89722742a4b5cd750857e291eb>:0 
  at UnityEditor.EditorAssemblies.ProcessInitializeOnLoadMethodAttributes () [0x00056] in <8059afc4969f4faea44ce7e8d8dd149e>:0 
UnityEngine.StackTraceUtility:ExtractStackTrace ()
UnityEngine.DebugLogHandler:Internal_Log (UnityEngine.LogType,UnityEngine.LogOption,string,UnityEngine.Object)
UnityEngine.DebugLogHandler:LogFormat (UnityEngine.LogType,UnityEngine.Object,string,object[])
UnityEngine.Logger:Log (UnityEngine.LogType,object)
UnityEngine.Debug:LogError (object)
UnityEditor.EditorAssemblies:ProcessInitializeOnLoadMethodAttributes ()

Mono: successfully reloaded assembly
[Package Manager] Failed to launch server process. Reason: Unity was launched with the -noUpm command-line argument
[Package Manager] Unable to send message (not connected to server process).
[Package Manager] Cannot connect to Unity Package Manager local server
- Finished resetting the current domain, in 15.633 seconds
Domain Reload Profiling: 18143ms
	BeginReloadAssembly (293ms)
		ExecutionOrderSort (0ms)
		DisableScriptedObjects (9ms)
		BackupInstance (0ms)
		ReleaseScriptingObjects (0ms)
		CreateAndSetChildDomain (50ms)
	RebuildCommonClasses (98ms)
	RebuildNativeTypeToScriptingClass (11ms)
	initialDomainReloadingComplete (23ms)
	LoadAllAssembliesAndSetupDomain (2084ms)
		LoadAssemblies (1664ms)
		RebuildTransferFunctionScriptingTraits (0ms)
		AnalyzeDomain (613ms)
			TypeCache.Refresh (601ms)
				TypeCache.ScanAssembly (554ms)
			ScanForSourceGeneratedMonoScriptInfo (0ms)
			ResolveRequiredComponents (11ms)
	FinalizeReload (15634ms)
		ReleaseScriptCaches (0ms)
		RebuildScriptCaches (0ms)
		SetupLoadedEditorAssemblies (442ms)
			LogAssemblyErrors (0ms)
			InitializePlatformSupportModulesInManaged (19ms)
			SetLoadedEditorAssemblies (3ms)
			BeforeProcessingInitializeOnLoad (84ms)
			ProcessInitializeOnLoadAttributes (286ms)
			ProcessInitializeOnLoadMethodAttributes (46ms)
			AfterProcessingInitializeOnLoad (4ms)
			EditorAssembliesLoaded (0ms)
		ExecutionOrderSort2 (0ms)
		AwakeInstancesAfterBackupRestoration (11ms)
Refreshing native plugins compatible for Editor in 10.55 ms, found 13 plugins.
Preloading 1 native plugins for Editor in 0.06 ms.
Unloading 6079 Unused Serialized files (Serialized files now loaded: 0)
Unloading 77 unused Assets / (1.5 MB). Loaded Objects now: 6903.
Memory consumption went from 211.1 MB to 209.7 MB.
Total: 4.929400 ms (FindLiveObjects: 0.502200 ms CreateObjectMapping: 0.596300 ms MarkObjects: 3.533800 ms  DeleteObjects: 0.296700 ms)

Prepare: number of updated asset objects reloaded= 0
AssetImportParameters requested are different than current active one (requested -> active):
  custom:video-decoder-webm-vp8: 9c59270c3fd7afecdb556c50c9e8de78 -> 
  custom:SearchIndexIgnoredProperties: e643bd26f0fe6173181afceb89e7c659 -> 
  custom:audio-encoder-webm-vorbis: bf7c407c2cedff20999df2af8eb42d56 -> 
  custom:AudioImporter_EditorPlatform: d09bf68614088b80899f8185d706f6e7 -> 
  custom:audio-decoder-ogg-vorbis: bf7c407c2cedff20999df2af8eb42d56 -> 
  custom:video-encoder-webm-vp8: eb34c28f22e8b96e1ab97ce403110664 -> 
  custom:container-demuxer-ogg: 62fdf1f143b41e24485cea50d1cbac27 -> 
  custom:framework-win-MediaFoundation: 216162199b28c13a410421893ffa2e32 -> 
  custom:video-decoder-ogg-theora: a1e56fd34408186e4bbccfd4996cb3dc -> 
  custom:container-muxer-webm: aa71ff27fc2769a1b78a27578f13a17b -> 
  custom:CustomObjectIndexerAttribute: a3ef5dd2817f97addfee359851a9dba5 -> 
  custom:container-demuxer-webm: 4f35f7cbe854078d1ac9338744f61a02 -> 
